0 info it worked if it ends with ok
1 verbose cli [ 'C:\\Program Files\\nodejs\\node.exe',
1 verbose cli   'C:\\Program Files\\nodejs\\node_modules\\npm\\bin\\npm-cli.js',
1 verbose cli   'run',
1 verbose cli   'dev' ]
2 info using npm@3.10.10
3 info using node@v6.10.1
4 verbose run-script [ 'predev', 'dev', 'postdev' ]
5 info lifecycle test@1.0.0~predev: test@1.0.0
6 silly lifecycle test@1.0.0~predev: no script for predev, continuing
7 info lifecycle test@1.0.0~dev: test@1.0.0
8 verbose lifecycle test@1.0.0~dev: unsafe-perm in lifecycle true
9 verbose lifecycle test@1.0.0~dev: PATH: C:\Program Files\nodejs\node_modules\npm\bin\node-gyp-bin;C:\Users\ZhuangSuyu\Documents\GitHub\Quality-indicator-nodejs\node_modules\.bin;C:\Users\ZhuangSuyu\AppData\Local\GitHub\PortableGit_f02737a78695063deace08e96d5042710d3e32db\cmd;C:\Users\ZhuangSuyu\AppData\Local\GitHub\PortableGit_f02737a78695063deace08e96d5042710d3e32db\usr\bin;C:\Users\ZhuangSuyu\AppData\Local\GitHub\PortableGit_f02737a78695063deace08e96d5042710d3e32db\usr\share\git-tfs;C:\Users\ZhuangSuyu\AppData\Local\Apps\2.0\8W05LPJQ.DW6\DJDZCEGL.118\gith..tion_317444273a93ac29_0003.0003_5794af8169eeff14;C:\Users\ZhuangSuyu\AppData\Local\GitHub\lfs-amd64_1.5.5;C:\Users\ZhuangSuyu\algs4\java\bin;C:\ProgramData\Oracle\Java\javapath;C:\WINDOWS\system32;C:\WINDOWS;C:\WINDOWS\System32\Wbem;C:\WINDOWS\System32\WindowsPowerShell\v1.0\;C:\Program Files\MATLAB\R2015b\bin;C:\Program Files\Git\cmd;C:\Program Files\MiKTeX 2.9\miktex\bin\x64\;C:\Program Files\nodejs\;C:\Users\ZhuangSuyu\Anaconda3;C:\Users\ZhuangSuyu\Anaconda3\Scripts;C:\Users\ZhuangSuyu\Anaconda3\Library\bin;C:\Users\ZhuangSuyu\algs4\bin;C:\Users\ZhuangSuyu\algs4\java\bin;C:\Users\ZhuangSuyu\AppData\Local\Microsoft\WindowsApps;C:\Users\ZhuangSuyu\AppData\Local\atom\bin;C:\Users\ZhuangSuyu\AppData\Roaming\npm;C:\Windows\Microsoft.NET\Framework\v4.0.30319\
10 verbose lifecycle test@1.0.0~dev: CWD: C:\Users\ZhuangSuyu\Documents\GitHub\Quality-indicator-nodejs
11 silly lifecycle test@1.0.0~dev: Args: [ '/d /s /c', 'webpack -wd' ]
12 silly lifecycle test@1.0.0~dev: Returned: code: 3221225786  signal: null
13 info lifecycle test@1.0.0~dev: Failed to exec dev script
14 verbose stack Error: test@1.0.0 dev: `webpack -wd`
14 verbose stack Exit status 3221225786
14 verbose stack     at EventEmitter.<anonymous> (C:\Program Files\nodejs\node_modules\npm\lib\utils\lifecycle.js:255:16)
14 verbose stack     at emitTwo (events.js:106:13)
14 verbose stack     at EventEmitter.emit (events.js:191:7)
14 verbose stack     at ChildProcess.<anonymous> (C:\Program Files\nodejs\node_modules\npm\lib\utils\spawn.js:40:14)
14 verbose stack     at emitTwo (events.js:106:13)
14 verbose stack     at ChildProcess.emit (events.js:191:7)
14 verbose stack     at maybeClose (internal/child_process.js:886:16)
14 verbose stack     at Process.ChildProcess._handle.onexit (internal/child_process.js:226:5)
15 verbose pkgid test@1.0.0
16 verbose cwd C:\Users\ZhuangSuyu\Documents\GitHub\Quality-indicator-nodejs
17 error Windows_NT 10.0.14393
18 error argv "C:\\Program Files\\nodejs\\node.exe" "C:\\Program Files\\nodejs\\node_modules\\npm\\bin\\npm-cli.js" "run" "dev"
19 error node v6.10.1
20 error npm  v3.10.10
21 error code ELIFECYCLE
22 error test@1.0.0 dev: `webpack -wd`
22 error Exit status 3221225786
23 error Failed at the test@1.0.0 dev script 'webpack -wd'.
23 error Make sure you have the latest version of node.js and npm installed.
23 error If you do, this is most likely a problem with the test package,
23 error not with npm itself.
23 error Tell the author that this fails on your system:
23 error     webpack -wd
23 error You can get information on how to open an issue for this project with:
23 error     npm bugs test
23 error Or if that isn't available, you can get their info via:
23 error     npm owner ls test
23 error There is likely additional logging output above.
24 verbose exit [ 1, true ]
